-- Install configuration: ""
-- Up-to-date: /home/pes1ug23cs131/501111/install/maze_solver/share/maze_solver/launch
-- Up-to-date: /home/pes1ug23cs131/501111/install/maze_solver/share/maze_solver/launch/sim.launch.py
-- Up-to-date: /home/pes1ug23cs131/501111/install/maze_solver/share/maze_solver/worlds
-- Up-to-date: /home/pes1ug23cs131/501111/install/maze_solver/share/maze_solver/worlds/maze_world.sdf
-- Up-to-date: /home/pes1ug23cs131/501111/install/maze_solver/share/maze_solver/models
-- Up-to-date: /home/pes1ug23cs131/501111/install/maze_solver/share/maze_solver/models/robot.sdf
-- Up-to-date: /home/pes1ug23cs131/501111/install/maze_solver/lib/maze_solver/maze_solver.py
-- Up-to-date: /home/pes1ug23cs131/501111/install/maze_solver/lib/maze_solver/lidar_processor.py
-- Up-to-date: /home/pes1ug23cs131/501111/install/maze_solver/share/ament_index/resource_index/package_run_dependencies/maze_solver
-- Up-to-date: /home/pes1ug23cs131/501111/install/maze_solver/share/ament_index/resource_index/parent_prefix_path/maze_solver
-- Up-to-date: /home/pes1ug23cs131/501111/install/maze_solver/share/maze_solver/environment/ament_prefix_path.sh
-- Up-to-date: /home/pes1ug23cs131/501111/install/maze_solver/share/maze_solver/environment/ament_prefix_path.dsv
-- Up-to-date: /home/pes1ug23cs131/501111/install/maze_solver/share/maze_solver/environment/path.sh
-- Up-to-date: /home/pes1ug23cs131/501111/install/maze_solver/share/maze_solver/environment/path.dsv
-- Up-to-date: /home/pes1ug23cs131/501111/install/maze_solver/share/maze_solver/local_setup.bash
-- Up-to-date: /home/pes1ug23cs131/501111/install/maze_solver/share/maze_solver/local_setup.sh
-- Up-to-date: /home/pes1ug23cs131/501111/install/maze_solver/share/maze_solver/local_setup.zsh
-- Up-to-date: /home/pes1ug23cs131/501111/install/maze_solver/share/maze_solver/local_setup.dsv
-- Up-to-date: /home/pes1ug23cs131/501111/install/maze_solver/share/maze_solver/package.dsv
-- Up-to-date: /home/pes1ug23cs131/501111/install/maze_solver/share/ament_index/resource_index/packages/maze_solver
-- Up-to-date: /home/pes1ug23cs131/501111/install/maze_solver/share/maze_solver/cmake/maze_solverConfig.cmake
-- Up-to-date: /home/pes1ug23cs131/501111/install/maze_solver/share/maze_solver/cmake/maze_solverConfig-version.cmake
-- Up-to-date: /home/pes1ug23cs131/501111/install/maze_solver/share/maze_solver/package.xml
