[0.012s] Invoking command in '/home/pes1ug23cs131/501111/build/maze_solver': CMAKE_PREFIX_PATH=${CMAKE_PREFIX_PATH}:/home/pes1ug23cs131/turtlebot3_ws/install/turtlebot3_teleop:/home/pes1ug23cs131/turtlebot3_ws/install/turtlebot3_example:/opt/ros/jazzy DEBUGINFOD_URLS=https://debuginfod.ubuntu.com /usr/bin/cmake --build /home/pes1ug23cs131/501111/build/maze_solver -- -j8 -l8
[0.080s] Invoked command in '/home/pes1ug23cs131/501111/build/maze_solver' returned '0': CMAKE_PREFIX_PATH=${CMAKE_PREFIX_PATH}:/home/pes1ug23cs131/turtlebot3_ws/install/turtlebot3_teleop:/home/pes1ug23cs131/turtlebot3_ws/install/turtlebot3_example:/opt/ros/jazzy DEBUGINFOD_URLS=https://debuginfod.ubuntu.com /usr/bin/cmake --build /home/pes1ug23cs131/501111/build/maze_solver -- -j8 -l8
[0.101s] Invoking command in '/home/pes1ug23cs131/501111/build/maze_solver': CMAKE_PREFIX_PATH=${CMAKE_PREFIX_PATH}:/home/pes1ug23cs131/turtlebot3_ws/install/turtlebot3_teleop:/home/pes1ug23cs131/turtlebot3_ws/install/turtlebot3_example:/opt/ros/jazzy DEBUGINFOD_URLS=https://debuginfod.ubuntu.com /usr/bin/cmake --install /home/pes1ug23cs131/501111/build/maze_solver
[0.114s] -- Install configuration: ""
[0.114s] -- Up-to-date: /home/pes1ug23cs131/501111/install/maze_solver/share/maze_solver/launch
[0.115s] -- Up-to-date: /home/pes1ug23cs131/501111/install/maze_solver/share/maze_solver/launch/sim.launch.py
[0.115s] -- Up-to-date: /home/pes1ug23cs131/501111/install/maze_solver/share/maze_solver/worlds
[0.115s] -- Up-to-date: /home/pes1ug23cs131/501111/install/maze_solver/share/maze_solver/worlds/maze_world.sdf
[0.115s] -- Up-to-date: /home/pes1ug23cs131/501111/install/maze_solver/share/maze_solver/models
[0.115s] -- Up-to-date: /home/pes1ug23cs131/501111/install/maze_solver/share/maze_solver/models/robot.sdf
[0.115s] -- Up-to-date: /home/pes1ug23cs131/501111/install/maze_solver/lib/maze_solver/maze_solver.py
[0.116s] -- Up-to-date: /home/pes1ug23cs131/501111/install/maze_solver/lib/maze_solver/lidar_processor.py
[0.116s] -- Up-to-date: /home/pes1ug23cs131/501111/install/maze_solver/share/ament_index/resource_index/package_run_dependencies/maze_solver
[0.116s] -- Up-to-date: /home/pes1ug23cs131/501111/install/maze_solver/share/ament_index/resource_index/parent_prefix_path/maze_solver
[0.116s] -- Up-to-date: /home/pes1ug23cs131/501111/install/maze_solver/share/maze_solver/environment/ament_prefix_path.sh
[0.116s] -- Up-to-date: /home/pes1ug23cs131/501111/install/maze_solver/share/maze_solver/environment/ament_prefix_path.dsv
[0.116s] -- Up-to-date: /home/pes1ug23cs131/501111/install/maze_solver/share/maze_solver/environment/path.sh
[0.116s] -- Up-to-date: /home/pes1ug23cs131/501111/install/maze_solver/share/maze_solver/environment/path.dsv
[0.116s] -- Up-to-date: /home/pes1ug23cs131/501111/install/maze_solver/share/maze_solver/local_setup.bash
[0.116s] -- Up-to-date: /home/pes1ug23cs131/501111/install/maze_solver/share/maze_solver/local_setup.sh
[0.116s] -- Up-to-date: /home/pes1ug23cs131/501111/install/maze_solver/share/maze_solver/local_setup.zsh
[0.117s] -- Up-to-date: /home/pes1ug23cs131/501111/install/maze_solver/share/maze_solver/local_setup.dsv
[0.117s] -- Up-to-date: /home/pes1ug23cs131/501111/install/maze_solver/share/maze_solver/package.dsv
[0.117s] -- Up-to-date: /home/pes1ug23cs131/501111/install/maze_solver/share/ament_index/resource_index/packages/maze_solver
[0.117s] -- Up-to-date: /home/pes1ug23cs131/501111/install/maze_solver/share/maze_solver/cmake/maze_solverConfig.cmake
[0.117s] -- Up-to-date: /home/pes1ug23cs131/501111/install/maze_solver/share/maze_solver/cmake/maze_solverConfig-version.cmake
[0.117s] -- Up-to-date: /home/pes1ug23cs131/501111/install/maze_solver/share/maze_solver/package.xml
[0.120s] Invoked command in '/home/pes1ug23cs131/501111/build/maze_solver' returned '0': CMAKE_PREFIX_PATH=${CMAKE_PREFIX_PATH}:/home/pes1ug23cs131/turtlebot3_ws/install/turtlebot3_teleop:/home/pes1ug23cs131/turtlebot3_ws/install/turtlebot3_example:/opt/ros/jazzy DEBUGINFOD_URLS=https://debuginfod.ubuntu.com /usr/bin/cmake --install /home/pes1ug23cs131/501111/build/maze_solver
